[2026-05-14 01:59:43,999] multiqc                                            [DEBUG  ]  This is MultiQC v1.19
[2026-05-14 01:59:43,999] multiqc                                            [DEBUG  ]  Command used: /usr/local/bin/multiqc /data/results -o /data/results/multiqc
[2026-05-14 01:59:45,155] multiqc                                            [WARNING]  MultiQC Version v1.34 now available!
[2026-05-14 01:59:45,155] multiqc                                            [DEBUG  ]  Working dir : /home/multiqc
[2026-05-14 01:59:45,155] multiqc                                            [DEBUG  ]  Template    : default
[2026-05-14 01:59:45,155] multiqc                                            [DEBUG  ]  Running Python 3.11.7 (main, Dec  5 2023, 19:05:17) [GCC 12.2.0]
[2026-05-14 01:59:45,155] multiqc                                            [DEBUG  ]  Analysing modules: custom_content, ccs, ngsderive, purple, conpair, lima, peddy, somalier, methylQA, mosdepth, phantompeakqualtools, qualimap, preseq, hifiasm, quast, qorts, rna_seqc, rockhopper, rsem, rseqc, busco, bustools, goleft_indexcov, gffcompare, disambiguate, supernova, deeptools, sargasso, verifybamid, mirtrace, happy, mirtop, sambamba, gopeaks, homer, hops, macs2, theta2, snpeff, gatk, htseq, bcftools, featureCounts, fgbio, dragen, dragen_fastqc, dedup, pbmarkdup, damageprofiler, mapdamage, biobambam2, jcvi, mtnucratio, picard, vep, bakta, prokka, qc3C, nanostat, samblaster, samtools, sexdeterrmine, seqera_cli, eigenstratdatabasetools, bamtools, jellyfish, vcftools, longranger, stacks, varscan2, snippy, umitools, truvari, bbmap, bismark, biscuit, diamond, hicexplorer, hicup, hicpro, salmon, kallisto, slamdunk, star, hisat2, tophat, bowtie2, bowtie1, cellranger, snpsplit, odgi, pangolin, nextclade, freyja, humid, kat, leehom, librarian, adapterRemoval, bbduk, clipandmerge, cutadapt, flexbar, sourmash, kaiju, bracken, kraken, malt, motus, trimmomatic, sickle, skewer, sortmerna, biobloomtools, fastq_screen, afterqc, fastp, fastqc, filtlong, prinseqplusplus, pychopper, porechop, pycoqc, minionqc, anglerfish, multivcfanalyzer, clusterflow, checkqc, bcl2fastq, bclconvert, interop, ivar, flash, seqyclean, optitype, whatshap, xenome, xengsort
[2026-05-14 01:59:45,156] multiqc                                            [DEBUG  ]  Using temporary directory for creating report: /tmp/tmpnsi_1c40
[2026-05-14 01:59:45,156] multiqc                                            [INFO   ]  Search path : /data/results
[2026-05-14 01:59:45,406] multiqc                                            [DEBUG  ]  Summary of files that were skipped by the search: [skipped_module_specific_max_filesize: 96] // [skipped_no_match: 13]
[2026-05-14 01:59:46,157] multiqc.plots.bargraph                             [DEBUG  ]  Using matplotlib version 3.8.2
[2026-05-14 01:59:46,160] multiqc.plots.linegraph                            [DEBUG  ]  Using matplotlib version 3.8.2
[2026-05-14 01:59:46,161] multiqc                                            [DEBUG  ]  No samples found: custom_content
[2026-05-14 01:59:46,168] multiqc.modules.fastp.fastp                        [INFO   ]  Found 1 reports
[2026-05-14 01:59:46,168] multiqc.modules.fastp.fastp                        [DEBUG  ]  No duplication rate plot data: SRR390728_1
[2026-05-14 01:59:46,225] multiqc.modules.fastqc.fastqc                      [DEBUG  ]  Duplicate sample name found! Overwriting: SRR390728_1
[2026-05-14 01:59:46,228] multiqc.modules.fastqc.fastqc                      [DEBUG  ]  Duplicate sample name found! Overwriting: SRR390728_2
[2026-05-14 01:59:46,228] multiqc.modules.fastqc.fastqc                      [INFO   ]  Found 8 reports
[2026-05-14 01:59:46,248] multiqc.utils.software_versions                    [DEBUG  ]  Reading software versions from config.software_versions
[2026-05-14 01:59:46,255] multiqc                                            [DEBUG  ]  Compressing plot data
[2026-05-14 01:59:46,330] multiqc                                            [INFO   ]  Report      : ../../data/results/multiqc/multiqc_report.html
[2026-05-14 01:59:46,330] multiqc                                            [INFO   ]  Data        : ../../data/results/multiqc/multiqc_data
[2026-05-14 01:59:46,330] multiqc                                            [DEBUG  ]  Moving data file from '/tmp/tmpnsi_1c40/multiqc_data' to '/data/results/multiqc/multiqc_data'
[2026-05-14 01:59:46,380] multiqc                                            [DEBUG  ]  Full report path: /data/results/multiqc/multiqc_report.html
[2026-05-14 01:59:46,441] multiqc                                            [INFO   ]  MultiQC complete
